e:\digtal media projects\projects\githubprojects\object oriented programming\project02\project02\project02\debug\vc140.pdb
e:\digtal media projects\projects\githubprojects\object oriented programming\project02\project02\project02\debug\vc140.idb
e:\digtal media projects\projects\githubprojects\object oriented programming\project02\project02\project02\debug\author.obj
e:\digtal media projects\projects\githubprojects\object oriented programming\project02\project02\project02\debug\book.obj
e:\digtal media projects\projects\githubprojects\object oriented programming\project02\project02\project02\debug\driver.obj
e:\digtal media projects\projects\githubprojects\object oriented programming\project02\project02\debug\project02.ilk
e:\digtal media projects\projects\githubprojects\object oriented programming\project02\project02\debug\project02.exe
e:\digtal media projects\projects\githubprojects\object oriented programming\project02\project02\debug\project02.pdb
e:\digtal media projects\projects\githubprojects\object oriented programming\project03\project02\project02\debug\author.obj
e:\digtal media projects\projects\githubprojects\object oriented programming\project03\project02\project02\debug\book.obj
e:\digtal media projects\projects\githubprojects\object oriented programming\project03\project02\project02\debug\driver.obj
e:\digtal media projects\projects\githubprojects\object oriented programming\project03\project02\project02\debug\vc140.idb
e:\digtal media projects\projects\githubprojects\object oriented programming\project03\project02\project02\debug\vc140.pdb
e:\digtal media projects\projects\githubprojects\object oriented programming\project03\project02\debug\project02.pdb
e:\digtal media projects\projects\githubprojects\object oriented programming\project03\project02\debug\project02.exe
e:\digtal media projects\projects\githubprojects\object oriented programming\project03\project02\debug\project02.ilk
e:\digtal media projects\projects\githubprojects\object oriented programming\project03\project02\project02\debug\project02.tlog\cl.command.1.tlog
e:\digtal media projects\projects\githubprojects\object oriented programming\project03\project02\project02\debug\project02.tlog\cl.read.1.tlog
e:\digtal media projects\projects\githubprojects\object oriented programming\project03\project02\project02\debug\project02.tlog\cl.write.1.tlog
e:\digtal media projects\projects\githubprojects\object oriented programming\project03\project02\project02\debug\project02.tlog\link.command.1.tlog
e:\digtal media projects\projects\githubprojects\object oriented programming\project03\project02\project02\debug\project02.tlog\link.read.1.tlog
e:\digtal media projects\projects\githubprojects\object oriented programming\project03\project02\project02\debug\project02.tlog\link.write.1.tlog
